2021/06/09 23:39:56 [notice] 1#1: using the "epoll" event method
2021/06/09 23:39:56 [notice] 1#1: nginx/1.20.1
2021/06/09 23:39:56 [notice] 1#1: built by gcc 10.2.1 20201203 (Alpine 10.2.1_pre1) 
2021/06/09 23:39:56 [notice] 1#1: OS: Linux 5.12.8-300.fc34.x86_64
2021/06/09 23:39:56 [notice] 1#1: getrlimit(RLIMIT_NOFILE): 1048576:1048576
2021/06/09 23:39:56 [notice] 1#1: start worker processes
2021/06/09 23:39:56 [notice] 1#1: start worker process 31
2021/06/09 23:39:56 [notice] 1#1: start worker process 32
2021/06/09 23:39:56 [notice] 1#1: start worker process 33
2021/06/09 23:39:56 [notice] 1#1: start worker process 34
2021/06/09 23:39:56 [notice] 1#1: start worker process 35
2021/06/09 23:39:56 [notice] 1#1: start worker process 36
2021/06/09 23:39:56 [notice] 1#1: start worker process 37
2021/06/09 23:39:56 [notice] 1#1: start worker process 38
2021/06/09 23:41:10 [notice] 1#1: signal 3 (SIGQUIT) received, shutting down
2021/06/09 23:41:10 [notice] 31#31: gracefully shutting down
2021/06/09 23:41:10 [notice] 32#32: gracefully shutting down
2021/06/09 23:41:10 [notice] 33#33: gracefully shutting down
2021/06/09 23:41:10 [notice] 35#35: gracefully shutting down
2021/06/09 23:41:10 [notice] 34#34: gracefully shutting down
2021/06/09 23:41:10 [notice] 36#36: gracefully shutting down
2021/06/09 23:41:10 [notice] 32#32: exiting
2021/06/09 23:41:10 [notice] 33#33: exiting
2021/06/09 23:41:10 [notice] 35#35: exiting
2021/06/09 23:41:10 [notice] 34#34: exiting
2021/06/09 23:41:10 [notice] 31#31: exiting
2021/06/09 23:41:10 [notice] 36#36: exiting
2021/06/09 23:41:10 [notice] 34#34: exit
2021/06/09 23:41:10 [notice] 31#31: exit
2021/06/09 23:41:10 [notice] 35#35: exit
2021/06/09 23:41:10 [notice] 33#33: exit
2021/06/09 23:41:10 [notice] 32#32: exit
2021/06/09 23:41:10 [notice] 36#36: exit
2021/06/09 23:41:10 [notice] 37#37: gracefully shutting down
2021/06/09 23:41:10 [notice] 37#37: exiting
2021/06/09 23:41:10 [notice] 38#38: gracefully shutting down
2021/06/09 23:41:10 [notice] 37#37: exit
2021/06/09 23:41:10 [notice] 38#38: exiting
2021/06/09 23:41:10 [notice] 38#38: exit
2021/06/09 23:41:10 [notice] 1#1: signal 17 (SIGCHLD) received from 31
2021/06/09 23:41:10 [notice] 1#1: worker process 31 exited with code 0
2021/06/09 23:41:10 [notice] 1#1: signal 29 (SIGIO) received
2021/06/09 23:41:10 [notice] 1#1: signal 17 (SIGCHLD) received from 33
2021/06/09 23:41:10 [notice] 1#1: worker process 33 exited with code 0
2021/06/09 23:41:10 [notice] 1#1: signal 29 (SIGIO) received
2021/06/09 23:41:10 [notice] 1#1: signal 17 (SIGCHLD) received from 37
2021/06/09 23:41:10 [notice] 1#1: worker process 37 exited with code 0
2021/06/09 23:41:10 [notice] 1#1: signal 29 (SIGIO) received
2021/06/09 23:41:10 [notice] 1#1: signal 17 (SIGCHLD) received from 34
2021/06/09 23:41:10 [notice] 1#1: worker process 34 exited with code 0
2021/06/09 23:41:10 [notice] 1#1: signal 29 (SIGIO) received
2021/06/09 23:41:10 [notice] 1#1: signal 17 (SIGCHLD) received from 36
2021/06/09 23:41:10 [notice] 1#1: worker process 36 exited with code 0
2021/06/09 23:41:10 [notice] 1#1: signal 29 (SIGIO) received
2021/06/09 23:41:10 [notice] 1#1: signal 17 (SIGCHLD) received from 32
2021/06/09 23:41:10 [notice] 1#1: worker process 32 exited with code 0
2021/06/09 23:41:10 [notice] 1#1: signal 29 (SIGIO) received
2021/06/09 23:41:10 [notice] 1#1: signal 17 (SIGCHLD) received from 38
2021/06/09 23:41:10 [notice] 1#1: worker process 38 exited with code 0
2021/06/09 23:41:10 [notice] 1#1: signal 29 (SIGIO) received
2021/06/09 23:41:10 [notice] 1#1: signal 17 (SIGCHLD) received from 35
2021/06/09 23:41:10 [notice] 1#1: worker process 35 exited with code 0
2021/06/09 23:41:10 [notice] 1#1: exit
2021/06/09 23:41:16 [notice] 1#1: using the "epoll" event method
2021/06/09 23:41:16 [notice] 1#1: nginx/1.20.1
2021/06/09 23:41:16 [notice] 1#1: built by gcc 10.2.1 20201203 (Alpine 10.2.1_pre1) 
2021/06/09 23:41:16 [notice] 1#1: OS: Linux 5.12.8-300.fc34.x86_64
2021/06/09 23:41:16 [notice] 1#1: getrlimit(RLIMIT_NOFILE): 1048576:1048576
2021/06/09 23:41:16 [notice] 1#1: start worker processes
2021/06/09 23:41:16 [notice] 1#1: start worker process 31
2021/06/09 23:41:16 [notice] 1#1: start worker process 32
2021/06/09 23:41:16 [notice] 1#1: start worker process 33
2021/06/09 23:41:16 [notice] 1#1: start worker process 34
2021/06/09 23:41:16 [notice] 1#1: start worker process 35
2021/06/09 23:41:16 [notice] 1#1: start worker process 36
2021/06/09 23:41:16 [notice] 1#1: start worker process 37
2021/06/09 23:41:16 [notice] 1#1: start worker process 38
2021/06/09 23:41:19 [notice] 1#1: signal 3 (SIGQUIT) received, shutting down
2021/06/09 23:41:19 [notice] 31#31: gracefully shutting down
2021/06/09 23:41:19 [notice] 33#33: gracefully shutting down
2021/06/09 23:41:19 [notice] 34#34: gracefully shutting down
2021/06/09 23:41:19 [notice] 32#32: gracefully shutting down
2021/06/09 23:41:19 [notice] 31#31: exiting
2021/06/09 23:41:19 [notice] 35#35: gracefully shutting down
2021/06/09 23:41:19 [notice] 36#36: gracefully shutting down
2021/06/09 23:41:19 [notice] 33#33: exiting
2021/06/09 23:41:19 [notice] 34#34: exiting
2021/06/09 23:41:19 [notice] 32#32: exiting
2021/06/09 23:41:19 [notice] 35#35: exiting
2021/06/09 23:41:19 [notice] 36#36: exiting
2021/06/09 23:41:19 [notice] 31#31: exit
2021/06/09 23:41:19 [notice] 33#33: exit
2021/06/09 23:41:19 [notice] 36#36: exit
2021/06/09 23:41:19 [notice] 34#34: exit
2021/06/09 23:41:19 [notice] 32#32: exit
2021/06/09 23:41:19 [notice] 35#35: exit
2021/06/09 23:41:19 [notice] 37#37: gracefully shutting down
2021/06/09 23:41:19 [notice] 38#38: gracefully shutting down
2021/06/09 23:41:19 [notice] 37#37: exiting
2021/06/09 23:41:19 [notice] 38#38: exiting
2021/06/09 23:41:19 [notice] 37#37: exit
2021/06/09 23:41:19 [notice] 38#38: exit
2021/06/09 23:41:19 [notice] 1#1: signal 17 (SIGCHLD) received from 34
2021/06/09 23:41:19 [notice] 1#1: worker process 31 exited with code 0
2021/06/09 23:41:19 [notice] 1#1: worker process 34 exited with code 0
2021/06/09 23:41:19 [notice] 1#1: signal 29 (SIGIO) received
2021/06/09 23:41:19 [notice] 1#1: signal 17 (SIGCHLD) received from 37
2021/06/09 23:41:19 [notice] 1#1: worker process 37 exited with code 0
2021/06/09 23:41:19 [notice] 1#1: signal 29 (SIGIO) received
2021/06/09 23:41:19 [notice] 1#1: signal 17 (SIGCHLD) received from 38
2021/06/09 23:41:19 [notice] 1#1: worker process 32 exited with code 0
2021/06/09 23:41:19 [notice] 1#1: worker process 33 exited with code 0
2021/06/09 23:41:19 [notice] 1#1: worker process 35 exited with code 0
2021/06/09 23:41:19 [notice] 1#1: worker process 38 exited with code 0
2021/06/09 23:41:19 [notice] 1#1: signal 29 (SIGIO) received
2021/06/09 23:41:19 [notice] 1#1: signal 17 (SIGCHLD) received from 33
2021/06/09 23:41:19 [notice] 1#1: signal 17 (SIGCHLD) received from 36
2021/06/09 23:41:19 [notice] 1#1: worker process 36 exited with code 0
2021/06/09 23:41:19 [notice] 1#1: exit
2021/06/09 23:41:37 [notice] 1#1: using the "epoll" event method
2021/06/09 23:41:37 [notice] 1#1: nginx/1.20.1
2021/06/09 23:41:37 [notice] 1#1: built by gcc 10.2.1 20201203 (Alpine 10.2.1_pre1) 
2021/06/09 23:41:37 [notice] 1#1: OS: Linux 5.12.8-300.fc34.x86_64
2021/06/09 23:41:37 [notice] 1#1: getrlimit(RLIMIT_NOFILE): 1048576:1048576
2021/06/09 23:41:37 [notice] 1#1: start worker processes
2021/06/09 23:41:37 [notice] 1#1: start worker process 31
2021/06/09 23:41:37 [notice] 1#1: start worker process 32
2021/06/09 23:41:37 [notice] 1#1: start worker process 33
2021/06/09 23:41:37 [notice] 1#1: start worker process 34
2021/06/09 23:41:37 [notice] 1#1: start worker process 35
2021/06/09 23:41:37 [notice] 1#1: start worker process 36
2021/06/09 23:41:37 [notice] 1#1: start worker process 37
2021/06/09 23:41:37 [notice] 1#1: start worker process 38
2021/06/09 23:43:02 [notice] 1#1: signal 3 (SIGQUIT) received, shutting down
2021/06/09 23:43:02 [notice] 31#31: gracefully shutting down
2021/06/09 23:43:02 [notice] 32#32: gracefully shutting down
2021/06/09 23:43:02 [notice] 35#35: gracefully shutting down
2021/06/09 23:43:02 [notice] 31#31: exiting
2021/06/09 23:43:02 [notice] 32#32: exiting
2021/06/09 23:43:02 [notice] 35#35: exiting
2021/06/09 23:43:02 [notice] 31#31: exit
2021/06/09 23:43:02 [notice] 32#32: exit
2021/06/09 23:43:02 [notice] 35#35: exit
2021/06/09 23:43:02 [notice] 34#34: gracefully shutting down
2021/06/09 23:43:02 [notice] 33#33: gracefully shutting down
2021/06/09 23:43:02 [notice] 34#34: exiting
2021/06/09 23:43:02 [notice] 33#33: exiting
2021/06/09 23:43:02 [notice] 33#33: exit
2021/06/09 23:43:02 [notice] 34#34: exit
2021/06/09 23:43:02 [notice] 37#37: gracefully shutting down
2021/06/09 23:43:02 [notice] 36#36: gracefully shutting down
2021/06/09 23:43:02 [notice] 37#37: exiting
2021/06/09 23:43:02 [notice] 36#36: exiting
2021/06/09 23:43:02 [notice] 38#38: gracefully shutting down
2021/06/09 23:43:02 [notice] 38#38: exiting
2021/06/09 23:43:02 [notice] 37#37: exit
2021/06/09 23:43:02 [notice] 36#36: exit
2021/06/09 23:43:02 [notice] 38#38: exit
2021/06/09 23:43:02 [notice] 1#1: signal 17 (SIGCHLD) received from 32
2021/06/09 23:43:02 [notice] 1#1: worker process 32 exited with code 0
2021/06/09 23:43:02 [notice] 1#1: signal 29 (SIGIO) received
2021/06/09 23:43:02 [notice] 1#1: signal 17 (SIGCHLD) received from 37
2021/06/09 23:43:02 [notice] 1#1: worker process 37 exited with code 0
2021/06/09 23:43:02 [notice] 1#1: signal 29 (SIGIO) received
2021/06/09 23:43:02 [notice] 1#1: signal 17 (SIGCHLD) received from 35
2021/06/09 23:43:02 [notice] 1#1: worker process 34 exited with code 0
2021/06/09 23:43:02 [notice] 1#1: worker process 35 exited with code 0
2021/06/09 23:43:02 [notice] 1#1: signal 29 (SIGIO) received
2021/06/09 23:43:02 [notice] 1#1: signal 17 (SIGCHLD) received from 34
2021/06/09 23:43:02 [notice] 1#1: worker process 36 exited with code 0
2021/06/09 23:43:02 [notice] 1#1: worker process 38 exited with code 0
2021/06/09 23:43:02 [notice] 1#1: signal 29 (SIGIO) received
2021/06/09 23:43:02 [notice] 1#1: signal 17 (SIGCHLD) received from 31
2021/06/09 23:43:02 [notice] 1#1: worker process 31 exited with code 0
2021/06/09 23:43:02 [notice] 1#1: signal 29 (SIGIO) received
2021/06/09 23:43:02 [notice] 1#1: signal 17 (SIGCHLD) received from 33
2021/06/09 23:43:02 [notice] 1#1: worker process 33 exited with code 0
2021/06/09 23:43:02 [notice] 1#1: exit
2021/06/09 23:43:08 [notice] 1#1: using the "epoll" event method
2021/06/09 23:43:08 [notice] 1#1: nginx/1.20.1
2021/06/09 23:43:08 [notice] 1#1: built by gcc 10.2.1 20201203 (Alpine 10.2.1_pre1) 
2021/06/09 23:43:08 [notice] 1#1: OS: Linux 5.12.8-300.fc34.x86_64
2021/06/09 23:43:08 [notice] 1#1: getrlimit(RLIMIT_NOFILE): 1048576:1048576
2021/06/09 23:43:08 [notice] 1#1: start worker processes
2021/06/09 23:43:08 [notice] 1#1: start worker process 31
2021/06/09 23:43:08 [notice] 1#1: start worker process 32
2021/06/09 23:43:08 [notice] 1#1: start worker process 33
2021/06/09 23:43:08 [notice] 1#1: start worker process 34
2021/06/09 23:43:08 [notice] 1#1: start worker process 35
2021/06/09 23:43:08 [notice] 1#1: start worker process 36
2021/06/09 23:43:08 [notice] 1#1: start worker process 37
2021/06/09 23:43:08 [notice] 1#1: start worker process 38
2021/06/10 00:08:28 [notice] 1#1: signal 3 (SIGQUIT) received, shutting down
2021/06/10 00:08:28 [notice] 36#36: gracefully shutting down
2021/06/10 00:08:28 [notice] 38#38: gracefully shutting down
2021/06/10 00:08:28 [notice] 37#37: gracefully shutting down
2021/06/10 00:08:28 [notice] 36#36: exiting
2021/06/10 00:08:28 [notice] 38#38: exiting
2021/06/10 00:08:28 [notice] 34#34: gracefully shutting down
2021/06/10 00:08:28 [notice] 37#37: exiting
2021/06/10 00:08:28 [notice] 33#33: gracefully shutting down
2021/06/10 00:08:28 [notice] 32#32: gracefully shutting down
2021/06/10 00:08:28 [notice] 36#36: exit
2021/06/10 00:08:28 [notice] 34#34: exiting
2021/06/10 00:08:28 [notice] 34#34: exit
2021/06/10 00:08:28 [notice] 38#38: exit
2021/06/10 00:08:28 [notice] 33#33: exiting
2021/06/10 00:08:28 [notice] 32#32: exiting
2021/06/10 00:08:28 [notice] 31#31: gracefully shutting down
2021/06/10 00:08:28 [notice] 37#37: exit
2021/06/10 00:08:28 [notice] 33#33: exit
2021/06/10 00:08:28 [notice] 32#32: exit
2021/06/10 00:08:28 [notice] 35#35: gracefully shutting down
2021/06/10 00:08:28 [notice] 31#31: exiting
2021/06/10 00:08:28 [notice] 35#35: exiting
2021/06/10 00:08:28 [notice] 31#31: exit
2021/06/10 00:08:28 [notice] 35#35: exit
2021/06/10 00:08:28 [notice] 1#1: signal 17 (SIGCHLD) received from 34
2021/06/10 00:08:28 [notice] 1#1: worker process 34 exited with code 0
2021/06/10 00:08:28 [notice] 1#1: signal 29 (SIGIO) received
2021/06/10 00:08:28 [notice] 1#1: signal 17 (SIGCHLD) received from 35
2021/06/10 00:08:28 [notice] 1#1: worker process 35 exited with code 0
2021/06/10 00:08:28 [notice] 1#1: worker process 32 exited with code 0
2021/06/10 00:08:28 [notice] 1#1: worker process 36 exited with code 0
2021/06/10 00:08:28 [notice] 1#1: worker process 37 exited with code 0
2021/06/10 00:08:28 [notice] 1#1: signal 29 (SIGIO) received
2021/06/10 00:08:28 [notice] 1#1: signal 17 (SIGCHLD) received from 37
2021/06/10 00:08:28 [notice] 1#1: signal 17 (SIGCHLD) received from 33
2021/06/10 00:08:28 [notice] 1#1: worker process 33 exited with code 0
2021/06/10 00:08:28 [notice] 1#1: signal 29 (SIGIO) received
2021/06/10 00:08:28 [notice] 1#1: signal 17 (SIGCHLD) received from 38
2021/06/10 00:08:28 [notice] 1#1: worker process 38 exited with code 0
2021/06/10 00:08:28 [notice] 1#1: signal 29 (SIGIO) received
2021/06/10 00:08:28 [notice] 1#1: signal 17 (SIGCHLD) received from 31
2021/06/10 00:08:28 [notice] 1#1: worker process 31 exited with code 0
2021/06/10 00:08:28 [notice] 1#1: exit
2021/06/10 00:10:29 [notice] 1#1: using the "epoll" event method
2021/06/10 00:10:29 [notice] 1#1: nginx/1.20.1
2021/06/10 00:10:29 [notice] 1#1: built by gcc 10.2.1 20201203 (Alpine 10.2.1_pre1) 
2021/06/10 00:10:29 [notice] 1#1: OS: Linux 5.12.8-300.fc34.x86_64
2021/06/10 00:10:29 [notice] 1#1: getrlimit(RLIMIT_NOFILE): 1048576:1048576
2021/06/10 00:10:29 [notice] 1#1: start worker processes
2021/06/10 00:10:29 [notice] 1#1: start worker process 31
2021/06/10 00:10:29 [notice] 1#1: start worker process 32
2021/06/10 00:10:29 [notice] 1#1: start worker process 33
2021/06/10 00:10:29 [notice] 1#1: start worker process 34
2021/06/10 00:10:29 [notice] 1#1: start worker process 35
2021/06/10 00:10:29 [notice] 1#1: start worker process 36
2021/06/10 00:10:29 [notice] 1#1: start worker process 37
2021/06/10 00:10:29 [notice] 1#1: start worker process 38
2021/06/10 00:14:05 [notice] 1#1: signal 3 (SIGQUIT) received, shutting down
2021/06/10 00:14:05 [notice] 32#32: gracefully shutting down
2021/06/10 00:14:05 [notice] 31#31: gracefully shutting down
2021/06/10 00:14:05 [notice] 33#33: gracefully shutting down
2021/06/10 00:14:05 [notice] 34#34: gracefully shutting down
2021/06/10 00:14:05 [notice] 35#35: gracefully shutting down
2021/06/10 00:14:05 [notice] 32#32: exiting
2021/06/10 00:14:05 [notice] 37#37: gracefully shutting down
2021/06/10 00:14:05 [notice] 31#31: exiting
2021/06/10 00:14:05 [notice] 33#33: exiting
2021/06/10 00:14:05 [notice] 34#34: exiting
2021/06/10 00:14:05 [notice] 35#35: exiting
2021/06/10 00:14:05 [notice] 37#37: exiting
2021/06/10 00:14:05 [notice] 32#32: exit
2021/06/10 00:14:05 [notice] 35#35: exit
2021/06/10 00:14:05 [notice] 34#34: exit
2021/06/10 00:14:05 [notice] 31#31: exit
2021/06/10 00:14:05 [notice] 33#33: exit
2021/06/10 00:14:05 [notice] 37#37: exit
2021/06/10 00:14:05 [notice] 36#36: gracefully shutting down
2021/06/10 00:14:05 [notice] 38#38: gracefully shutting down
2021/06/10 00:14:05 [notice] 36#36: exiting
2021/06/10 00:14:05 [notice] 38#38: exiting
2021/06/10 00:14:05 [notice] 36#36: exit
2021/06/10 00:14:05 [notice] 38#38: exit
2021/06/10 00:14:05 [notice] 1#1: signal 17 (SIGCHLD) received from 35
2021/06/10 00:14:05 [notice] 1#1: worker process 34 exited with code 0
2021/06/10 00:14:05 [notice] 1#1: worker process 35 exited with code 0
2021/06/10 00:14:05 [notice] 1#1: signal 29 (SIGIO) received
2021/06/10 00:14:05 [notice] 1#1: signal 17 (SIGCHLD) received from 34
2021/06/10 00:14:05 [notice] 1#1: signal 17 (SIGCHLD) received from 37
2021/06/10 00:14:05 [notice] 1#1: worker process 32 exited with code 0
2021/06/10 00:14:05 [notice] 1#1: worker process 31 exited with code 0
2021/06/10 00:14:05 [notice] 1#1: worker process 37 exited with code 0
2021/06/10 00:14:05 [notice] 1#1: signal 29 (SIGIO) received
2021/06/10 00:14:05 [notice] 1#1: signal 17 (SIGCHLD) received from 31
2021/06/10 00:14:05 [notice] 1#1: worker process 36 exited with code 0
2021/06/10 00:14:05 [notice] 1#1: signal 29 (SIGIO) received
2021/06/10 00:14:05 [notice] 1#1: signal 17 (SIGCHLD) received from 33
2021/06/10 00:14:05 [notice] 1#1: worker process 33 exited with code 0
2021/06/10 00:14:05 [notice] 1#1: signal 29 (SIGIO) received
2021/06/10 00:14:05 [notice] 1#1: signal 17 (SIGCHLD) received from 38
2021/06/10 00:14:05 [notice] 1#1: worker process 38 exited with code 0
2021/06/10 00:14:05 [notice] 1#1: exit
2021/06/10 00:14:45 [notice] 1#1: using the "epoll" event method
2021/06/10 00:14:45 [notice] 1#1: nginx/1.20.1
2021/06/10 00:14:45 [notice] 1#1: built by gcc 10.2.1 20201203 (Alpine 10.2.1_pre1) 
2021/06/10 00:14:45 [notice] 1#1: OS: Linux 5.12.8-300.fc34.x86_64
2021/06/10 00:14:45 [notice] 1#1: getrlimit(RLIMIT_NOFILE): 1048576:1048576
2021/06/10 00:14:45 [notice] 1#1: start worker processes
2021/06/10 00:14:45 [notice] 1#1: start worker process 31
2021/06/10 00:14:45 [notice] 1#1: start worker process 32
2021/06/10 00:14:45 [notice] 1#1: start worker process 33
2021/06/10 00:14:45 [notice] 1#1: start worker process 34
2021/06/10 00:14:45 [notice] 1#1: start worker process 35
2021/06/10 00:14:45 [notice] 1#1: start worker process 36
2021/06/10 00:14:45 [notice] 1#1: start worker process 37
2021/06/10 00:14:45 [notice] 1#1: start worker process 38
2021/06/10 00:15:35 [notice] 1#1: signal 3 (SIGQUIT) received, shutting down
2021/06/10 00:15:35 [notice] 32#32: gracefully shutting down
2021/06/10 00:15:35 [notice] 33#33: gracefully shutting down
2021/06/10 00:15:35 [notice] 31#31: gracefully shutting down
2021/06/10 00:15:35 [notice] 34#34: gracefully shutting down
2021/06/10 00:15:35 [notice] 32#32: exiting
2021/06/10 00:15:35 [notice] 33#33: exiting
2021/06/10 00:15:35 [notice] 31#31: exiting
2021/06/10 00:15:35 [notice] 34#34: exiting
2021/06/10 00:15:35 [notice] 33#33: exit
2021/06/10 00:15:35 [notice] 32#32: exit
2021/06/10 00:15:35 [notice] 34#34: exit
2021/06/10 00:15:35 [notice] 31#31: exit
2021/06/10 00:15:35 [notice] 35#35: gracefully shutting down
2021/06/10 00:15:35 [notice] 36#36: gracefully shutting down
2021/06/10 00:15:35 [notice] 35#35: exiting
2021/06/10 00:15:35 [notice] 36#36: exiting
2021/06/10 00:15:35 [notice] 38#38: gracefully shutting down
2021/06/10 00:15:35 [notice] 38#38: exiting
2021/06/10 00:15:35 [notice] 37#37: gracefully shutting down
2021/06/10 00:15:35 [notice] 36#36: exit
2021/06/10 00:15:35 [notice] 35#35: exit
2021/06/10 00:15:35 [notice] 38#38: exit
2021/06/10 00:15:35 [notice] 37#37: exiting
2021/06/10 00:15:35 [notice] 37#37: exit
2021/06/10 00:15:35 [notice] 1#1: signal 17 (SIGCHLD) received from 33
2021/06/10 00:15:35 [notice] 1#1: worker process 33 exited with code 0
2021/06/10 00:15:35 [notice] 1#1: signal 29 (SIGIO) received
2021/06/10 00:15:35 [notice] 1#1: signal 17 (SIGCHLD) received from 37
2021/06/10 00:15:35 [notice] 1#1: worker process 37 exited with code 0
2021/06/10 00:15:35 [notice] 1#1: signal 29 (SIGIO) received
2021/06/10 00:15:35 [notice] 1#1: signal 17 (SIGCHLD) received from 32
2021/06/10 00:15:35 [notice] 1#1: worker process 31 exited with code 0
2021/06/10 00:15:35 [notice] 1#1: worker process 32 exited with code 0
2021/06/10 00:15:35 [notice] 1#1: worker process 34 exited with code 0
2021/06/10 00:15:35 [notice] 1#1: worker process 36 exited with code 0
2021/06/10 00:15:35 [notice] 1#1: worker process 38 exited with code 0
2021/06/10 00:15:35 [notice] 1#1: signal 29 (SIGIO) received
2021/06/10 00:15:35 [notice] 1#1: signal 17 (SIGCHLD) received from 34
2021/06/10 00:15:35 [notice] 1#1: signal 17 (SIGCHLD) received from 35
2021/06/10 00:15:35 [notice] 1#1: worker process 35 exited with code 0
2021/06/10 00:15:35 [notice] 1#1: exit
2021/06/10 00:16:36 [notice] 1#1: using the "epoll" event method
2021/06/10 00:16:36 [notice] 1#1: nginx/1.20.1
2021/06/10 00:16:36 [notice] 1#1: built by gcc 10.2.1 20201203 (Alpine 10.2.1_pre1) 
2021/06/10 00:16:36 [notice] 1#1: OS: Linux 5.12.8-300.fc34.x86_64
2021/06/10 00:16:36 [notice] 1#1: getrlimit(RLIMIT_NOFILE): 1048576:1048576
2021/06/10 00:16:36 [notice] 1#1: start worker processes
2021/06/10 00:16:36 [notice] 1#1: start worker process 31
2021/06/10 00:16:36 [notice] 1#1: start worker process 32
2021/06/10 00:16:36 [notice] 1#1: start worker process 33
2021/06/10 00:16:36 [notice] 1#1: start worker process 34
2021/06/10 00:16:36 [notice] 1#1: start worker process 35
2021/06/10 00:16:36 [notice] 1#1: start worker process 36
2021/06/10 00:16:36 [notice] 1#1: start worker process 37
2021/06/10 00:16:36 [notice] 1#1: start worker process 38
